\BOOKMARK [0][-]{chapter.1}{\376\377\000T\000i\000n\000k\000e\000r\000@\000H\000o\000m\000e\000\040\0002\0000\0002\0000\000\040\000T\000e\000a\000m\000\040\000D\000e\000s\000c\000r\000i\000p\000t\000i\000o\000n\000\040\000P\000a\000p\000e\000r\000\040\000\040\000\040\000\040}{}% 1
\BOOKMARK [0][-]{chapter.1}{\376\377\000J\000i\000a\000n\000g\000h\000a\000o\000\040\000H\000u\000o\000,\000\040\000X\000i\000n\000y\000u\000\040\000H\000a\000n\000,\000\040\000C\000u\000i\000j\000i\000e\000\040\000X\000u\000,\000\040\000R\000o\000b\000i\000n\000\040\000A\000n\000a\000n\000d\000a\000,\000\040\000T\000e\000n\000g\000f\000e\000i\000\040\000Z\000h\000a\000n\000g\000,\000\040\000X\000u\000e\000l\000i\000n\000\040\000S\000u\000n\000,\000\040\000Z\000i\000j\000i\000a\000n\000\040\000Z\000h\000a\000n\000g\000,\000\040\000D\000i\000k\000\040\000H\000i\000n\000L\000e\000u\000n\000g\000,\000\040\000Y\000a\000n\000j\000u\000n\000J\000i\000a\000n\000g\000,\000\040\000S\000h\000a\000n\000g\000l\000i\000n\000\040\000Y\000a\000n\000g\000,\000\040\000Z\000i\000w\000e\000i\000\040\000N\000i\000n\000g\000,\000\040\000H\000a\000o\000c\000h\000e\000n\000g\000\040\000M\000a}{}% 2
\BOOKMARK [1][-]{section.1.1}{\376\377\000I\000n\000t\000r\000o\000d\000u\000c\000t\000i\000o\000n}{chapter.1}% 3
\BOOKMARK [1][-]{section.1.2}{\376\377\000R\000o\000b\000o\000C\000u\000p\000@\000H\000O\000M\000E}{chapter.1}% 4
\BOOKMARK [1][-]{section.1.3}{\376\377\000L\000a\000y\000e\000r}{chapter.1}% 5
\BOOKMARK [2][-]{subsection.1.3.1}{\376\377\000T\000h\000e\000\040\000L\000a\000y\000e\000r\000s}{section.1.3}% 6
\BOOKMARK [2][-]{subsection.1.3.2}{\376\377\000T\000h\000e\000\040\000h\000a\000r\000d\000w\000a\000r\000e\000-\000c\000o\000m\000m\000u\000n\000i\000c\000a\000t\000i\000o\000n\000\040\000l\000a\000y\000e\000r}{section.1.3}% 7
\BOOKMARK [2][-]{subsection.1.3.3}{\376\377\000T\000h\000e\000\040\000l\000o\000g\000i\000c\000\040\000l\000a\000y\000e\000r}{section.1.3}% 8
\BOOKMARK [3][-]{section*.4}{\376\377\000T\000h\000e\000\040\000d\000e\000c\000i\000s\000i\000o\000n\000\040\000l\000a\000y\000e\000r}{subsection.1.3.3}% 9
\BOOKMARK [1][-]{section.1.4}{\376\377\000H\000a\000r\000d\000w\000a\000r\000e}{chapter.1}% 10
\BOOKMARK [2][-]{subsection.1.4.1}{\376\377\000C\000h\000a\000s\000s\000i\000s}{section.1.4}% 11
\BOOKMARK [2][-]{subsection.1.4.2}{\376\377\000R\000o\000b\000o\000t\000\040\000a\000r\000m\000\040\000a\000n\000d\000\040\000h\000a\000n\000d}{section.1.4}% 12
\BOOKMARK [2][-]{subsection.1.4.3}{\376\377\000H\000e\000a\000d\000\040\000M\000o\000u\000n\000t\000e\000d\000\040\000C\000a\000m\000e\000r\000a\000\040\000\046\000\040\000H\000a\000n\000d\000\040\000C\000a\000m\000e\000r\000a}{section.1.4}% 13
\BOOKMARK [1][-]{section.1.5}{\376\377\000A\000p\000p\000r\000o\000a\000c\000h}{chapter.1}% 14
\BOOKMARK [2][-]{subsection.1.5.1}{\376\377\000H\000u\000m\000a\000n\000\040\000T\000r\000a\000c\000k\000i\000n\000g}{section.1.5}% 15
\BOOKMARK [2][-]{subsection.1.5.2}{\376\377\000F\000a\000c\000e\000\040\000R\000e\000c\000o\000g\000n\000i\000t\000i\000o\000n}{section.1.5}% 16
\BOOKMARK [2][-]{subsection.1.5.3}{\376\377\000O\000b\000j\000e\000c\000t\000\040\000R\000e\000c\000o\000g\000n\000i\000t\000i\000o\000n}{section.1.5}% 17
\BOOKMARK [2][-]{subsection.1.5.4}{\376\377\000S\000L\000A\000M}{section.1.5}% 18
\BOOKMARK [2][-]{subsection.1.5.5}{\376\377\000N\000a\000v\000i\000g\000a\000t\000i\000o\000n}{section.1.5}% 19
\BOOKMARK [2][-]{subsection.1.5.6}{\376\377\000S\000p\000e\000e\000c\000h\000\040\000R\000e\000c\000o\000g\000n\000i\000t\000i\000o\000n\000\040\000\046\000\040\000U\000n\000d\000e\000r\000s\000t\000a\000n\000d\000i\000n\000g}{section.1.5}% 20
\BOOKMARK [2][-]{subsection.1.5.7}{\376\377\000M\000a\000n\000i\000p\000u\000l\000a\000t\000i\000o\000n}{section.1.5}% 21
\BOOKMARK [1][-]{section.1.6}{\376\377\000S\000u\000m\000m\000a\000r\000y\000\040\000\046\000\040\000P\000r\000o\000s\000p\000e\000c\000t}{chapter.1}% 22
\BOOKMARK [2][-]{subsection.1.6.1}{\376\377\000T\000e\000a\000m\000\040\000r\000e\000p\000o\000s\000i\000t\000o\000r\000y}{section.1.6}% 23
\BOOKMARK [1][-]{section.1.7}{\376\377\0003\000r\000d\000\040\000P\000a\000r\000t\000y\000\040\000D\000e\000p\000e\000n\000d\000e\000n\000c\000i\000e\000s}{chapter.1}% 24
\BOOKMARK [2][-]{section*.9}{\376\377\000A\000c\000k\000n\000o\000w\000l\000e\000d\000g\000e}{section.1.7}% 25
